<?xml version="1.0" encoding="UTF-8"?>
<!-- Generated by org.testng.reporters.JUnitReportReporter -->
<testsuite hostname="DESKTOP-QP4T5OH" failures="0" tests="9" name="com.Fieldy.TestRunner.FieldyRun" time="33.085" errors="0" timestamp="2025-02-22T10:57:57 IST" skipped="5">
  <testcase classname="com.Fieldy.TestRunner.FieldyRun" name="printTitle" time="0.026"/>
  <system-out/>
  <testcase classname="com.Fieldy.TestRunner.FieldyRun" name="printCurrentURL" time="0.009"/>
  <system-out/>
  <testcase classname="com.Fieldy.TestRunner.FieldyRun" name="validateLogin" time="20.810"/>
  <system-out/>
  <testcase classname="com.Fieldy.TestRunner.FieldyRun" name="editAssetForm" time="12.240"/>
  <system-out/>
  <testcase classname="com.Fieldy.TestRunner.FieldyRun" name="attendanceClockOut">
    <skipped/>
  </testcase> <!-- attendanceClockOut -->
  <system-out/>
  <testcase classname="com.Fieldy.TestRunner.FieldyRun" name="createAMCForm">
    <skipped/>
  </testcase> <!-- createAMCForm -->
  <system-out/>
  <testcase classname="com.Fieldy.TestRunner.FieldyRun" name="editAMCForm">
    <skipped/>
  </testcase> <!-- editAMCForm -->
  <system-out/>
  <testcase classname="com.Fieldy.TestRunner.FieldyRun" name="createAssetForm">
    <skipped/>
  </testcase> <!-- createAssetForm -->
  <system-out/>
  <testcase classname="com.Fieldy.TestRunner.FieldyRun" name="attendanceClockIn">
    <skipped/>
  </testcase> <!-- attendanceClockIn -->
  <system-out/>
</testsuite> <!-- com.Fieldy.TestRunner.FieldyRun -->
